<?xml version="1.0" encoding="UTF-8"?>
<!-- Generated by org.testng.reporters.JUnitReportReporter -->
<testsuite skipped="2" hostname="LAPTOP-RB177F2V" name="seleniumdemo.BatchFileOne$SkipTestCase" tests="3" failures="0" timestamp="20 Dec 2018 07:52:06 GMT" time="0.006" errors="0">
  <testcase name="testtwo" time="0.005" classname="seleniumdemo.BatchFileOne$SkipTestCase">
    <skipped/>
  </testcase> <!-- testtwo -->
  <testcase name="testone" time="0.001" classname="seleniumdemo.BatchFileOne$SkipTestCase"/>
  <testcase name="testthree" time="0.000" classname="seleniumdemo.BatchFileOne$SkipTestCase">
    <skipped/>
  </testcase> <!-- testthree -->
</testsuite> <!-- seleniumdemo.BatchFileOne$SkipTestCase -->
