<?xml version="1.0" encoding="UTF-8"?>
<!-- Generated by org.testng.reporters.JUnitReportReporter -->
<testsuite skipped="0" hostname="LAPTOP-RB177F2V" name="seleniumdemo.AnnotationFacebook" tests="1" failures="0" timestamp="20 Dec 2018 07:52:06 GMT" time="0.476" errors="0">
  <testcase name="logincheck" time="0.476" classname="seleniumdemo.AnnotationFacebook"/>
</testsuite> <!-- seleniumdemo.AnnotationFacebook -->
