<?xml version="1.0" encoding="UTF-8"?>
<!-- Generated by org.testng.reporters.JUnitReportReporter -->
<testsuite skipped="2" hostname="LAPTOP-RB177F2V" name="seleniumdemo.SkipTestCase" tests="4" failures="0" timestamp="20 Dec 2018 07:52:06 GMT" time="0.003" errors="0">
  <testcase name="testfour" time="0.000" classname="seleniumdemo.SkipTestCase"/>
  <testcase name="testthree" time="0.000" classname="seleniumdemo.SkipTestCase">
    <skipped/>
  </testcase> <!-- testthree -->
  <testcase name="testtwo" time="0.002" classname="seleniumdemo.SkipTestCase">
    <skipped/>
  </testcase> <!-- testtwo -->
  <testcase name="testone" time="0.001" classname="seleniumdemo.SkipTestCase"/>
</testsuite> <!-- seleniumdemo.SkipTestCase -->
