<?xml version="1.0" encoding="UTF-8"?>
<!-- Generated by org.testng.reporters.JUnitReportReporter -->
<testsuite skipped="1" hostname="LAPTOP-RB177F2V" name="seleniumdemo.BatchFileThree$SkipTestCase" tests="3" failures="0" timestamp="20 Dec 2018 07:52:06 GMT" time="0.013" errors="0">
  <testcase name="testfour" time="0.008" classname="seleniumdemo.BatchFileThree$SkipTestCase"/>
  <testcase name="testone" time="0.001" classname="seleniumdemo.BatchFileThree$SkipTestCase"/>
  <testcase name="testtwo" time="0.004" classname="seleniumdemo.BatchFileThree$SkipTestCase">
    <skipped/>
  </testcase> <!-- testtwo -->
</testsuite> <!-- seleniumdemo.BatchFileThree$SkipTestCase -->
