<?xml version="1.0" encoding="UTF-8"?>
<!-- Generated by org.testng.reporters.JUnitReportReporter -->
<testsuite skipped="0" hostname="LAPTOP-RB177F2V" name="seleniumdemo.TestNgTesting" tests="4" failures="0" timestamp="18 Dec 2018 07:52:06 GMT" time="0.016" errors="0">
  <testcase name="z" time="0.008" classname="seleniumdemo.TestNgTesting"/>
  <testcase name="d" time="0.004" classname="seleniumdemo.TestNgTesting"/>
  <testcase name="g" time="0.002" classname="seleniumdemo.TestNgTesting"/>
  <testcase name="j" time="0.002" classname="seleniumdemo.TestNgTesting"/>
</testsuite> <!-- seleniumdemo.TestNgTesting -->
